Drill report for C:\Users\tomeu\OneDrive\Hardware\projectes\Z80\schematics\Z80Mini\serial_adapter\serialadapter\serialadapter.kicad_pcb
Created on 22/07/2020 17:21:07

Copper Layer Stackup:
    =============================================================
    L1 :  F.Cu                      front
    L2 :  B.Cu                      back


Drill file 'serialadapter-PTH.drl' contains
    plated through holes:
    =============================================================
    T1  0,40mm  0,016"  (1 hole)
    T2  0,80mm  0,031"  (74 holes)
    T3  0,90mm  0,035"  (4 holes)
    T4  0,92mm  0,036"  (4 holes)
    T5  1,00mm  0,039"  (21 holes)
    T6  2,33mm  0,092"  (2 holes)
    T7  3,20mm  0,126"  (4 holes)

    Total plated holes count 110


Drill file 'serialadapter-NPTH.drl' contains
    unplated through holes:
    =============================================================

    Total unplated holes count 0
